[debug] [2018-10-16T10:46:41.412Z] ----------------------------------------------------------------------
[debug] [2018-10-16T10:46:41.416Z] Command:       C:\Program Files\nodejs\node.exe C:\Users\Barro\Documents\GitHub\hoverboard\node_modules\firebase-tools\bin\firebase deploy
[debug] [2018-10-16T10:46:41.416Z] CLI Version:   3.19.3
[debug] [2018-10-16T10:46:41.416Z] Platform:      win32
[debug] [2018-10-16T10:46:41.416Z] Node Version:  v8.12.0
[debug] [2018-10-16T10:46:41.417Z] Time:          Tue Oct 16 2018 18:46:41 GMT+0800 (Malay Peninsula Standard Time)
[debug] [2018-10-16T10:46:41.417Z] ----------------------------------------------------------------------
[debug] 
[debug] [2018-10-16T10:46:41.436Z] > command requires scopes: ["email","openid","https://www.googleapis.com/auth/cloudplatformprojects.readonly","https://www.googleapis.com/auth/firebase","https://www.googleapis.com/auth/cloud-platform"]
[debug] [2018-10-16T10:46:41.437Z] > authorizing via signed-in user
[debug] [2018-10-16T10:46:41.442Z] > refreshing access token with scopes: ["email","https://www.googleapis.com/auth/cloud-platform","https://www.googleapis.com/auth/cloudplatformprojects.readonly","https://www.googleapis.com/auth/firebase","openid"]
[debug] [2018-10-16T10:46:41.442Z] >>> HTTP REQUEST POST https://www.googleapis.com/oauth2/v3/token  
 { refresh_token: '1/dVg7G_AACCkkqwhQgf_Ogs2rmEEN7sg22lEpbKcBrXs',
  client_id: '563584335869-fgrhgmd47bqnekij5i8b5pr03ho849e6.apps.googleusercontent.com',
  client_secret: 'j9iVZfS8kkCEFUPaAeJV0sAi',
  grant_type: 'refresh_token',
  scope: 'email https://www.googleapis.com/auth/cloud-platform https://www.googleapis.com/auth/cloudplatformprojects.readonly https://www.googleapis.com/auth/firebase openid' } 
 Tue Oct 16 2018 18:46:41 GMT+0800 (Malay Peninsula Standard Time)
[debug] [2018-10-16T10:46:47.328Z] <<< HTTP RESPONSE 200
[debug] [2018-10-16T10:46:47.352Z] >>> HTTP REQUEST GET https://admin.firebase.com/v1/projects/gdg18-e9998  
  
 Tue Oct 16 2018 18:46:47 GMT+0800 (Malay Peninsula Standard Time)
[debug] [2018-10-16T10:46:49.101Z] <<< HTTP RESPONSE 200
[debug] [2018-10-16T10:46:49.102Z] >>> HTTP REQUEST GET https://admin.firebase.com/v1/database/gdg18-e9998/tokens  
  
 Tue Oct 16 2018 18:46:49 GMT+0800 (Malay Peninsula Standard Time)
[debug] [2018-10-16T10:46:50.946Z] <<< HTTP RESPONSE 200
[warn] !  functions: package.json indicates an outdated version of firebase-functions.
 Please upgrade using npm install --save firebase-functions@latest in your functions directory.
[info] 
[info] === Deploying to 'gdg18-e9998'...
[info] 
[info] i  deploying database, firestore, functions, hosting
[info] Running command: npm run predeploy
[info] Running command: npm --prefix ./functions run build
[info] +  functions: Finished running predeploy script.
[info] i  database: checking rules syntax...
[debug] [2018-10-16T10:49:34.683Z] >>> HTTP REQUEST PUT https://gdg18-e9998.firebaseio.com/.settings/rules.json?dryRun=true  
 {
  "rules": {
    ".read": false,
    ".write": false
  }
}
 
 Tue Oct 16 2018 18:49:34 GMT+0800 (Malay Peninsula Standard Time)
[debug] [2018-10-16T10:49:36.806Z] <<< HTTP RESPONSE 200
[info] +  database: rules syntax for database gdg18-e9998 is valid
[info] i  firestore: checking firestore.rules for compilation errors...
[debug] [2018-10-16T10:49:36.827Z] >>> HTTP REQUEST POST https://firebaserules.googleapis.com/v1/projects/gdg18-e9998:test  
 { source: { files: [ [Object] ] } } 
 Tue Oct 16 2018 18:49:36 GMT+0800 (Malay Peninsula Standard Time)
[debug] [2018-10-16T10:49:43.440Z] <<< HTTP RESPONSE 200
[info] +  firestore: rules file firestore.rules compiled successfully
[debug] [2018-10-16T10:49:43.445Z] > [functions] package.json contents: {
  "name": "hoverboard-functions",
  "description": "Hoverboard serverless functions",
  "private": true,
  "main": "dist/index.js",
  "scripts": {
    "prebuild": "rimraf dist",
    "build": "babel src --out-dir dist --source-maps",
    "postbuild": "cpx ../build/index.html dist/"
  },
  "dependencies": {
    "@google-cloud/storage": "^1.6.0",
    "child-process-promise": "^2.2.1",
    "cpx": "^1.5.0",
    "express": "^4.16.3",
    "firebase-admin": "^5.12.0",
    "firebase-functions": "^1.0.1",
    "md5": "^2.2.1",
    "mkdirp-promise": "^5.0.1",
    "moment": "^2.22.0",
    "node-fetch": "^2.1.2"
  },
  "devDependencies": {
    "@babel/cli": "^7.0.0-beta.54",
    "@babel/core": "^7.0.0-beta.54",
    "@babel/preset-env": "^7.0.0-beta.54",
    "@babel/plugin-proposal-object-rest-spread": "^7.0.0-beta.54",
    "rimraf": "^2.6.2"
  }
}
[info] i  functions: ensuring necessary APIs are enabled...
[debug] [2018-10-16T10:49:43.446Z] >>> HTTP REQUEST GET https://servicemanagement.googleapis.com/v1/services/cloudfunctions.googleapis.com/projectSettings/gdg18-e9998?view=CONSUMER_VIEW  
  
 Tue Oct 16 2018 18:49:43 GMT+0800 (Malay Peninsula Standard Time)
[debug] [2018-10-16T10:49:43.448Z] >>> HTTP REQUEST GET https://servicemanagement.googleapis.com/v1/services/runtimeconfig.googleapis.com/projectSettings/gdg18-e9998?view=CONSUMER_VIEW  
  
 Tue Oct 16 2018 18:49:43 GMT+0800 (Malay Peninsula Standard Time)
[debug] [2018-10-16T10:49:45.956Z] <<< HTTP RESPONSE 200
[debug] [2018-10-16T10:51:23.932Z] Error: connect ETIMEDOUT 172.217.0.42:443
    at TCPConnectWrap.afterConnect [as oncomplete] (net.js:1191:14)
[error] 
[error] Error: Server Error. connect ETIMEDOUT 172.217.0.42:443
